-------------------------------------------------------------------------------
Test set: com.jarvis.productservice.ProductServiceApplicationTests
-------------------------------------------------------------------------------
Tests run: 1, Failures: 0, Errors: 1, Skipped: 0, Time elapsed: 0.39 s <<< FAILURE! - in com.jarvis.productservice.ProductServiceApplicationTests
com.jarvis.productservice.ProductServiceApplicationTests  Time elapsed: 0.389 s  <<< ERROR!
java.lang.IllegalStateException: Could not find a valid Docker environment. Please see logs and check configuration

